aws_vpc.create_vpc: Creating...
aws_vpc.create_vpc: Creation complete after 1s [id=vpc-0684b326915a067c1]
aws_security_group.create_security_group: Creating...
aws_lb_target_group.create_target_group: Creating...
aws_subnet.create_subnet[1]: Creating...
aws_subnet.create_subnet[0]: Creating...
aws_internet_gateway.create_igw: Creating...
aws_route_table.private: Creating...
aws_subnet.create_subnet[0]: Creation complete after 1s [id=subnet-0e1d812eb150341e7]
aws_subnet.create_subnet[1]: Creation complete after 1s [id=subnet-08d31d99f3984ea5b]
aws_internet_gateway.create_igw: Creation complete after 1s [id=igw-01fcf943cb88ffe70]
aws_route_table.public: Creating...
aws_route_table.private: Creation complete after 1s [id=rtb-0a0941e5046ce8af4]
aws_route_table_association.private: Creating...
aws_lb_target_group.create_target_group: Creation complete after 2s [id=arn:aws:elasticloadbalancing:ap-south-1:465242563055:targetgroup/mumbai-tg/16514a61bcffde97]
aws_route_table_association.private: Creation complete after 1s [id=rtbassoc-091330ef147d1be65]
aws_route_table.public: Creation complete after 1s [id=rtb-0dd11fb30e5dadbec]
aws_route_table_association.public: Creating...
aws_route_table_association.public: Creation complete after 1s [id=rtbassoc-0465d4b1fe77e4803]
aws_security_group.create_security_group: Creation complete after 3s [id=sg-06edea73dac23f677]
aws_instance.create_instance[0]: Creating...
aws_lb.create_load_balancer: Creating...
aws_instance.create_instance[1]: Creating...
